0 verbose cli /usr/local/bin/node /usr/local/bin/npm
1 info using npm@10.7.0
2 info using node@v20.14.0
3 silly config:load:file:/usr/local/lib/node_modules/npm/npmrc
4 silly config:load:file:/app/.npmrc
5 silly config:load:file:/root/.npmrc
6 silly config:load:file:/usr/local/etc/npmrc
7 verbose title npm run dev --host 0.0.0.0
8 verbose argv "run" "dev" "--" "--host" "0.0.0.0"
9 verbose logfile logs-max:10 dir:/root/.npm/_logs/2024-06-09T15_12_32_691Z-
10 verbose logfile /root/.npm/_logs/2024-06-09T15_12_32_691Z-debug-0.log
11 silly logfile done cleaning log files
12 http fetch GET 200 https://registry.npmjs.org/npm 287ms
13 notice
13 notice New minor version of npm available! 10.7.0 -> 10.8.1
13 notice Changelog: https://github.com/npm/cli/releases/tag/v10.8.1
13 notice To update run: npm install -g npm@10.8.1
13 notice  { force: true, [Symbol(proc-log.meta)]: true }
14 verbose exit 0
15 info ok
